Log file open, 03/29/17 14:03:06
LogInit:Display: Running engine for game: LevelDesign
LogPlatformFile: Not using cached read wrapper
LogInit:Display: RandInit(-527066936) SRandInit(-527066936).
LogTaskGraph: Started task graph with 5 named threads and 8 total threads with 1 sets of task threads.
LogStats: Stats thread started at 0.092918
LogInit: Using libcurl 7.47.1
LogInit:  - built for x86_64-pc-win32
LogInit:  - supports SSL with OpenSSL/1.0.2g
LogInit:  - supports HTTP deflate (compression) using libz 1.2.8
LogInit:  - other features:
LogInit:      CURL_VERSION_SSL
LogInit:      CURL_VERSION_LIBZ
LogInit:      CURL_VERSION_IPV6
LogInit:      CURL_VERSION_ASYNCHDNS
LogInit:      CURL_VERSION_LARGEFILE
LogInit:      CURL_VERSION_IDN
LogInit:  CurlRequestOptions (configurable via config and command line):
LogInit:  - bVerifyPeer = false  - Libcurl will NOT verify peer certificate
LogInit:  - bUseHttpProxy = false  - Libcurl will NOT use HTTP proxy
LogInit:  - bDontReuseConnections = false  - Libcurl will reuse connections
LogInit:  - CertBundlePath = nullptr  - Libcurl will use whatever was configured at build time.
LogInit: Build: ++UE4+Release-4.15-CL-3348071
LogInit: Engine Version: 4.15.1-3348071+++UE4+Release-4.15
LogInit: Compatible Engine Version: 4.15.0-3299760+++UE4+Release-4.15
LogInit: Net CL: 3299760
LogDevObjectVersion: Number of dev versions registered: 14
LogDevObjectVersion:   Dev-Blueprints (B0D832E4-1F89-4F0D-ACCF-7EB736FD4AA2): 8
LogDevObjectVersion:   Dev-Build (E1C64328-A22C-4D53-A36C-8E866417BD8C): 0
LogDevObjectVersion:   Dev-Core (375EC13C-06E4-48FB-B500-84F0262A717E): 2
LogDevObjectVersion:   Dev-Editor (E4B068ED-F494-42E9-A231-DA0B2E46BB41): 14
LogDevObjectVersion:   Dev-Framework (CFFC743F-43B0-4480-9391-14DF171D2073): 22
LogDevObjectVersion:   Dev-Mobile (B02B49B5-BB20-44E9-A304-32B752E40360): 0
LogDevObjectVersion:   Dev-Networking (A4E4105C-59A1-49B5-A7C5-40C4547EDFEE): 0
LogDevObjectVersion:   Dev-Online (39C831C9-5AE6-47DC-9A44-9C173E1C8E7C): 0
LogDevObjectVersion:   Dev-Physics (78F01B33-EBEA-4F98-B9B4-84EACCB95AA2): 0
LogDevObjectVersion:   Dev-Platform (6631380F-2D4D-43E0-8009-CF276956A95A): 0
LogDevObjectVersion:   Dev-Rendering (12F88B9F-8875-4AFC-A67C-D90C383ABD29): 12
LogDevObjectVersion:   Dev-Sequencer (7B5AE74C-D270-4C10-A958-57980B212A5A): 3
LogDevObjectVersion:   Dev-VR (D7296918-1DD6-4BDD-9DE2-64A83CC13884): 0
LogDevObjectVersion:   Dev-LoadTimes (C2A15278-BFE7-4AFE-6C17-90FF531DF755): 1
LogInit: Compiled (64-bit): Mar 15 2017 16:52:47
LogInit: Compiled with Visual C++: 19.00.23026.00
LogInit: Build Configuration: Development
LogInit: Branch Name: ++UE4+Release-4.15
LogInit: Command line: -EpicPortal 
LogInit: Base directory: C:/Program Files/Epic Games/UE_4.15/Engine/Binaries/Win64/
LogInit: Installed Engine Build: 1
LogInit: Presizing for max 8388607 objects, including 0 objects not considered by GC, pre-allocating 0 bytes for permanent pool.
LogInit: Object subsystem initialized
[2017.03.29-21.03.08:025][  0]LogInit: Selected Device Profile: [Windows]
[2017.03.29-21.03.08:025][  0]LogInit: Applying CVar settings loaded from the selected device profile: [Windows]
[2017.03.29-21.03.08:079][  0]LogInit: Computer: ULTIMATESKIBUM
[2017.03.29-21.03.08:079][  0]LogInit: User: Liam
[2017.03.29-21.03.08:079][  0]LogInit: CPU Page size=65536, Cores=4
[2017.03.29-21.03.08:079][  0]LogInit: High frequency timer resolution =3.906387 MHz
[2017.03.29-21.03.08:080][  0]LogMemory: Memory total: Physical=7.9GB (8GB approx)
[2017.03.29-21.03.08:080][  0]LogMemory: Platform Memory Stats for Windows
[2017.03.29-21.03.08:080][  0]LogMemory: Process Physical Memory: 262.40 MB used, 262.40 MB peak
[2017.03.29-21.03.08:080][  0]LogMemory: Process Virtual Memory: 262.68 MB used, 262.68 MB peak
[2017.03.29-21.03.08:080][  0]LogMemory: Physical Memory: 6050.71 MB used,  2088.29 MB free, 8139.00 MB total
[2017.03.29-21.03.08:080][  0]LogMemory: Virtual Memory: 645.13 MB used,  2088.29 MB free, 134217728.00 MB total
[2017.03.29-21.03.08:204][  0]LogTextLocalizationManager: No specific translations for ('en-US') exist, so ('en') translations will be used.
[2017.03.29-21.03.08:961][  0]LogD3D11RHI: D3D11 adapters:
[2017.03.29-21.03.09:456][  0]LogD3D11RHI:    0. 'NVIDIA GeForce GTX 770' (Feature Level 11_0)
[2017.03.29-21.03.09:456][  0]LogD3D11RHI:       4063/0/4069 MB DedicatedVideo/DedicatedSystem/SharedSystem, Outputs:1, VendorId:0x10de
[2017.03.29-21.03.09:459][  0]LogD3D11RHI:    1. 'Microsoft Basic Render Driver' (Feature Level 11_0)
[2017.03.29-21.03.09:459][  0]LogD3D11RHI:       0/0/4069 MB DedicatedVideo/DedicatedSystem/SharedSystem, Outputs:0, VendorId:0x1414
[2017.03.29-21.03.09:459][  0]LogD3D11RHI: Chosen D3D11 Adapter: 0
[2017.03.29-21.03.09:466][  0]LogD3D11RHI: Creating new Direct3DDevice
[2017.03.29-21.03.09:466][  0]LogD3D11RHI:     GPU DeviceId: 0x1184 (for the marketing name, search the web for "GPU Device Id")
[2017.03.29-21.03.09:466][  0]LogWindows: EnumDisplayDevices:
[2017.03.29-21.03.09:466][  0]LogWindows:    0. 'NVIDIA GeForce GTX 770' (P:1 D:1)
[2017.03.29-21.03.09:466][  0]LogWindows:    1. 'NVIDIA GeForce GTX 770' (P:0 D:0)
[2017.03.29-21.03.09:466][  0]LogWindows:    2. 'NVIDIA GeForce GTX 770' (P:0 D:0)
[2017.03.29-21.03.09:467][  0]LogWindows:    3. 'NVIDIA GeForce GTX 770' (P:0 D:0)
[2017.03.29-21.03.09:467][  0]LogWindows: DebugString: FoundDriverCount:4 
[2017.03.29-21.03.09:467][  0]LogD3D11RHI:     Adapter Name: NVIDIA GeForce GTX 770
[2017.03.29-21.03.09:467][  0]LogD3D11RHI:   Driver Version: 378.92 (internal:21.21.13.7892, unified:378.92)
[2017.03.29-21.03.09:467][  0]LogD3D11RHI:      Driver Date: 3-16-2017
[2017.03.29-21.03.09:467][  0]LogRHI: Texture pool is 1361 MB (70% of 1945 MB)
[2017.03.29-21.03.09:920][  0]LogD3D11RHI:Warning: Timestamp queries are currently disabled on this hardware due to instability. Realtime GPU stats will not be available. You can override this behaviour by setting r.NVIDIATimestampWorkaround to 0
[2017.03.29-21.03.09:920][  0]LogD3D11RHI: Async texture creation enabled
[2017.03.29-21.03.09:969][  0]LogD3D11RHI: GPU Timing Frequency: 1000.000000 (Debug: 2 2)
[2017.03.29-21.03.10:019][  0]LogShaderCompilers: Guid format shader working directory is -21 characters bigger than the processId version (../../../../../../Users/Liam/Documents/Unreal Projects/LevelDesign/Intermediate/Shaders/WorkingDirectory/7576/).
[2017.03.29-21.03.10:019][  0]LogShaderCompilers: Cleaned the shader compiler working directory 'C:/Users/Liam/AppData/Local/Temp/UnrealShaderWorkingDir/C0E2C8A1432BC7A77523BF9DE62E2EA0/'.
[2017.03.29-21.03.10:019][  0]LogShaderCompilers:Display: Using Local Shader Compiler.
[2017.03.29-21.03.11:547][  0]LogTemp:Display: Loaded TP AllDesktopTargetPlatform
[2017.03.29-21.03.11:637][  0]LogTemp:Display: Loaded TP MacClientTargetPlatform
[2017.03.29-21.03.11:725][  0]LogTemp:Display: Loaded TP MacNoEditorTargetPlatform
[2017.03.29-21.03.11:814][  0]LogTemp:Display: Loaded TP MacServerTargetPlatform
[2017.03.29-21.03.11:903][  0]LogTemp:Display: Loaded TP MacTargetPlatform
[2017.03.29-21.03.11:992][  0]LogTemp:Display: Loaded TP WindowsClientTargetPlatform
[2017.03.29-21.03.12:081][  0]LogTemp:Display: Loaded TP WindowsNoEditorTargetPlatform
[2017.03.29-21.03.12:169][  0]LogTemp:Display: Loaded TP WindowsServerTargetPlatform
[2017.03.29-21.03.12:243][  0]LogTemp:Display: Loaded TP WindowsTargetPlatform
[2017.03.29-21.03.12:331][  0]LogTemp:Display: Loaded TP AndroidTargetPlatform
[2017.03.29-21.03.12:418][  0]LogTemp:Display: Loaded TP Android_ASTCTargetPlatform
[2017.03.29-21.03.12:505][  0]LogTemp:Display: Loaded TP Android_ATCTargetPlatform
[2017.03.29-21.03.12:592][  0]LogTemp:Display: Loaded TP Android_DXTTargetPlatform
[2017.03.29-21.03.12:680][  0]LogTemp:Display: Loaded TP Android_ETC1TargetPlatform
[2017.03.29-21.03.12:767][  0]LogTemp:Display: Loaded TP Android_ETC2TargetPlatform
[2017.03.29-21.03.12:942][  0]LogTemp:Display: Loaded TP Android_MultiTargetPlatform
[2017.03.29-21.03.12:942][  0]LogTemp:Display: Loaded TP Android_PVRTCTargetPlatform
[2017.03.29-21.03.13:005][  0]LogTemp:Display: Loaded TP HTML5TargetPlatform
[2017.03.29-21.03.13:150][  0]LogTemp:Display: Loaded TP IOSTargetPlatform
[2017.03.29-21.03.13:208][  0]LogTemp:Display: Loaded TP TVOSTargetPlatform
[2017.03.29-21.03.13:295][  0]LogTemp:Display: Loaded TP LinuxClientTargetPlatform
[2017.03.29-21.03.13:382][  0]LogTemp:Display: Loaded TP LinuxNoEditorTargetPlatform
[2017.03.29-21.03.13:469][  0]LogTemp:Display: Loaded TP LinuxServerTargetPlatform
[2017.03.29-21.03.13:556][  0]LogTemp:Display: Loaded TP LinuxTargetPlatform
[2017.03.29-21.03.13:556][  0]LogTargetPlatformManager:Display: Building Assets For Windows
[2017.03.29-21.03.14:301][  0]LogDerivedDataCache:Display: Max Cache Size: 512 MB
[2017.03.29-21.03.14:409][  0]LogDerivedDataCache: Loaded boot cache 0.11s 50MB C:/Users/Liam/AppData/Local/UnrealEngine/4.15/DerivedDataCache/Boot.ddc.
[2017.03.29-21.03.14:409][  0]LogDerivedDataCache:Display: Loaded Boot cache: C:/Users/Liam/AppData/Local/UnrealEngine/4.15/DerivedDataCache/Boot.ddc
[2017.03.29-21.03.14:409][  0]LogDerivedDataCache: FDerivedDataBackendGraph:  Pak pak cache file ../../../../../../Users/Liam/Documents/Unreal Projects/LevelDesign/DerivedDataCache/DDC.ddp not found, will not use a pak cache.
[2017.03.29-21.03.14:409][  0]LogDerivedDataCache: Unable to find inner node Pak for hierarchical cache Hierarchy.
[2017.03.29-21.03.14:410][  0]LogDerivedDataCache: FDerivedDataBackendGraph:  CompressedPak pak cache file ../../../../../../Users/Liam/Documents/Unreal Projects/LevelDesign/DerivedDataCache/Compressed.ddp not found, will not use a pak cache.
[2017.03.29-21.03.14:410][  0]LogDerivedDataCache: Unable to find inner node CompressedPak for hierarchical cache Hierarchy.
[2017.03.29-21.03.14:432][  0]LogDerivedDataCache:Display: Pak cache opened for reading ../../../Engine/DerivedDataCache/Compressed.ddp.
[2017.03.29-21.03.14:444][  0]LogDerivedDataCache: Using Local data cache path C:/Users/Liam/AppData/Local/UnrealEngine/Common/DerivedDataCache: Writable
[2017.03.29-21.03.14:458][  0]LogSlate: Using Freetype 2.6.0
[2017.03.29-21.03.14:459][  0]LogSlate: SlateFontCache - WITH_FREETYPE: 1, WITH_HARFBUZZ: 1
[2017.03.29-21.03.14:459][  0]LogSlate: SlateFontCache - WITH_FREETYPE: 1, WITH_HARFBUZZ: 1
[2017.03.29-21.03.14:845][  0]LogInit: Selected Device Profile: [Windows]
[2017.03.29-21.03.14:848][  0]LogContentStreaming: Texture pool size is 0.00 MB
[2017.03.29-21.03.15:154][  0]LogMeshUtilities: Using QuadricMeshReduction for automatic static mesh reduction
[2017.03.29-21.03.15:229][  0]LogSimplygon: Simplygon DLL not present - disabling.
[2017.03.29-21.03.15:309][  0]LogMeshUtilities: Using SimplygonSwarm for distributed automatic mesh merging
[2017.03.29-21.03.15:309][  0]LogMeshUtilities: No automatic skeletal mesh reduction module available
[2017.03.29-21.03.15:309][  0]LogMeshUtilities: No automatic mesh merging module available
[2017.03.29-21.03.16:100][  0]LogNetVersion: GetLocalNetworkVersion: CL: 3299760, ProjectName: leveldesign, ProjectVersion: , EngineNetworkVersion: 2, GameNetworkVersion: 0, NetworkChecksum: 1256183503
[2017.03.29-21.03.16:161][  0]LogAssetRegistry: FAssetRegistry took 0.0211 seconds to start up
[2017.03.29-21.03.16:395][  0]LogPackageLocalizationCache: Processed 3 localized package path(s) for 2 prioritized culture(s) in 0.195402 seconds
[2017.03.29-21.03.16:403][  0]LogUObjectArray: 32493 objects as part of root set at end of initial load.
[2017.03.29-21.03.16:403][  0]LogUObjectAllocator: 7077032 out of 0 bytes used by permanent object pool.
[2017.03.29-21.03.16:403][  0]LogUObjectArray: CloseDisregardForGC: 0/0 objects in disregard for GC pool
[2017.03.29-21.03.16:512][  0]LogInit: WinSock: version 1.1 (2.2), MaxSocks=32767, MaxUdp=65467
[2017.03.29-21.03.18:920][  0]LogTcpMessaging: Initializing TcpMessaging bridge
[2017.03.29-21.03.18:980][  0]LogUdpMessaging: Initializing bridge on interface 0.0.0.0:0 to multicast group 230.0.0.1:6666.
[2017.03.29-21.03.19:700][  0]LogMaterial: Uniform references updated for custom material expression Custom.
[2017.03.29-21.03.20:293][  0]SourceControl: Info Source control is disabled
[2017.03.29-21.03.20:294][  0]SourceControl: Info Source control is disabled
[2017.03.29-21.03.20:372][  0]SourceControl: Info Source control is disabled
[2017.03.29-21.03.20:449][  0]SourceControl: Info Source control is disabled
[2017.03.29-21.03.22:513][  0]LogEngine: Initializing Engine...
[2017.03.29-21.03.22:514][  0]LogHMD: Failed to initialize OpenVR with code 110
[2017.03.29-21.03.22:844][  0]LogAIModule: Creating AISystem for world Untitled
[2017.03.29-21.03.22:873][  0]LogInit: XAudio2 using 'Headset Earphone (Logitech G933 Gaming Headset)' : 2 channels at 44.1 kHz using 16 bits per sample (channel mask 0x3)
[2017.03.29-21.03.22:909][  0]LogInit: FAudioDevice initialized.
[2017.03.29-21.03.22:964][  0]LogDerivedDataCache: Saved boot cache 0.06s 50MB C:/Users/Liam/AppData/Local/UnrealEngine/4.15/DerivedDataCache/Boot.ddc.
[2017.03.29-21.03.22:984][  0]LogInit: Texture streaming: Enabled
[2017.03.29-21.03.23:147][  0]LogEngineSessionManager: EngineSessionManager initialized
[2017.03.29-21.03.23:311][  0]LogInit: Transaction tracking system initialized
[2017.03.29-21.03.23:888][  0]BlueprintLog: New page: Editor Load
[2017.03.29-21.03.25:366][  0]LocalizationService: Info Localization service is disabled
[2017.03.29-21.03.26:475][  0]LogConsoleResponse:Display: 
[2017.03.29-21.03.26:677][  0]LogCook:Display: Max memory allowance for cook 16384mb min free memory 0mb
[2017.03.29-21.03.26:677][  0]LogCook:Display: Mobile HDR setting 1
[2017.03.29-21.03.27:455][  0]LogFileCache: Scanning file cache for directory 'C:/Users/Liam/Documents/Unreal Projects/LevelDesign/Content/' took 0.03s
[2017.03.29-21.03.28:394][  0]SourceControl: Info Source control is disabled
[2017.03.29-21.03.28:394][  0]Cmd: MAP LOAD FILE="../../../../../../Users/Liam/Documents/Unreal Projects/LevelDesign/Content/OfficeScene.umap" TEMPLATE=0 SHOWPROGRESS=1 FEATURELEVEL=3
[2017.03.29-21.03.28:394][  0]LightingResults: New page: Lighting Build
[2017.03.29-21.03.28:461][  0]MapCheck: New page: Map Check
[2017.03.29-21.03.28:461][  0]LightingResults: New page: Lighting Build
[2017.03.29-21.03.32:345][  0]LogAIModule: Creating AISystem for world OfficeScene
[2017.03.29-21.03.32:592][  0]LogEditorServer: Finished looking for orphan Actors (0.000 secs)
[2017.03.29-21.03.32:593][  0]Cmd: MAP CHECKDEP NOCLEARLOG
[2017.03.29-21.03.32:665][  0]MapCheck: Info Map check complete: 0 Error(s), 0 Warning(s), took 72.265ms to complete.
[2017.03.29-21.03.32:665][  0]LogFileHelpers: Loading map 'OfficeScene' took 4.271
[2017.03.29-21.03.32:727][  0]LogWindowsTextInputMethodSystem:Display: IME system now deactivated.
[2017.03.29-21.03.33:161][  0]LogCollectionManager: Loaded 0 collections in 0.010854 seconds
[2017.03.29-21.03.33:293][  0]LogFileCache: Scanning file cache for directory 'C:/Users/Liam/Documents/Unreal Projects/LevelDesign/Saved/Collections/' took 0.01s
[2017.03.29-21.03.33:293][  0]LogFileCache: Scanning file cache for directory 'C:/Users/Liam/Documents/Unreal Projects/LevelDesign/Content/Developers/Liam/Collections/' took 0.01s
[2017.03.29-21.03.33:293][  0]LogFileCache: Scanning file cache for directory 'C:/Users/Liam/Documents/Unreal Projects/LevelDesign/Content/Collections/' took 0.01s
[2017.03.29-21.03.33:293][  0]LogCollectionManager: Rebuilt the GUID cache for 0 collections in 0.000002 seconds
[2017.03.29-21.03.33:331][  0]LogContentBrowser: Native class hierarchy populated in 0.0374 seconds. Added 2245 classes and 453 folders.
[2017.03.29-21.03.33:358][  0]LogStats: UGameplayTagsManager::ConstructGameplayTagTree: Construct from data asset -  0.000 s
[2017.03.29-21.03.33:358][  0]LogStats: UGameplayTagsManager::ConstructGameplayTagTree: GameplayTagTreeChangedEvent.Broadcast -  0.000 s
[2017.03.29-21.03.33:463][  0]LogContentBrowser: Native class hierarchy updated for 'WidgetCarousel' in 0.0006 seconds. Added 0 classes and 0 folders.
[2017.03.29-21.03.34:745][  0]LogContentBrowser: Native class hierarchy updated for 'AddContentDialog' in 0.0007 seconds. Added 0 classes and 0 folders.
[2017.03.29-21.03.34:830][  0]LogContentBrowser: Native class hierarchy updated for 'SceneOutliner' in 0.0007 seconds. Added 1 classes and 2 folders.
[2017.03.29-21.03.35:076][  0]LogCrashTracker: Crashtracker disabled due to settings.
[2017.03.29-21.03.35:201][  0]LogUObjectGlobals:Warning: Failed to find object 'Class None.'
[2017.03.29-21.03.35:352][  0]LogContentBrowser: Native class hierarchy updated for 'HierarchicalLODOutliner' in 0.0007 seconds. Added 1 classes and 2 folders.
[2017.03.29-21.03.35:352][  0]LogLoad: (Engine Initialization) Total time: 30.84 seconds
[2017.03.29-21.03.35:352][  0]LogLoad: (Engine Initialization) Total Blueprint compile time: 0.26 seconds
[2017.03.29-21.03.35:352][  0]LogExternalProfiler: Found external profiler: VSPerf
[2017.03.29-21.03.35:352][  0]LogExternalProfiler: Using external profiler: VSPerf
[2017.03.29-21.03.35:361][  0]LogOcInput: OculusInput pre-init called
[2017.03.29-21.03.35:390][  0]LogContentStreaming: Texture pool size now 800 MB
[2017.03.29-21.03.35:392][  0]LogSlate: Took 0.000329 seconds to synchronously load lazily loaded font '../../../Engine/Content/Slate/Fonts/Roboto-Regular.ttf' (155K)
[2017.03.29-21.03.35:397][  0]LogSlate: Took 0.000372 seconds to synchronously load lazily loaded font '../../../Engine/Content/Slate/Fonts/Roboto-Bold.ttf' (160K)
[2017.03.29-21.03.35:421][  0]LogSlate: Took 0.012483 seconds to synchronously load lazily loaded font '../../../Engine/Content/Editor/Slate/Fonts/FontAwesome.ttf' (139K)
[2017.03.29-21.03.35:733][  0]LogSlate: Took 0.012016 seconds to synchronously load lazily loaded font '../../../Engine/Content/Slate/Fonts/Roboto-Light.ttf' (159K)
[2017.03.29-21.03.35:795][  0]LogRenderer: Reallocating scene render targets to support 1164x580 NumSamples 1 (Frame:2).
[2017.03.29-21.03.36:290][  2]LogAssetRegistry: Asset discovery search completed in 20.1496 seconds
[2017.03.29-21.03.36:290][  2]LogCollectionManager: Rebuilt the object cache for 0 collections in 0.000009 seconds (found 0 objects)
[2017.03.29-21.03.36:290][  2]LogCollectionManager: Fixed up redirectors for 0 collections in 0.000026 seconds (updated 0 objects)
[2017.03.29-21.03.43:691][619]LogTemp: Repeting last play command: Selected Viewport
[2017.03.29-21.03.43:755][619]LogPlayLevel: PlayLevel: No blueprints needed recompiling
[2017.03.29-21.03.43:796][619]PIE: New page: PIE session: OfficeScene (Mar 29, 2017, 7:03:43 AM)
[2017.03.29-21.03.43:816][619]LogPlayLevel: Creating play world package: /Game/UEDPIE_0_OfficeScene
[2017.03.29-21.03.43:897][619]LogPlayLevel: PIE: StaticDuplicateObject took: (0.081038s)
[2017.03.29-21.03.43:898][619]LogAIModule: Creating AISystem for world OfficeScene
[2017.03.29-21.03.43:898][619]LogPlayLevel: PIE: World Init took: (0.001086s)
[2017.03.29-21.03.43:909][619]LogPlayLevel: PIE: Created PIE world by copying editor world from /Game/OfficeScene.OfficeScene to /Game/UEDPIE_0_OfficeScene.OfficeScene (0.101296s)
[2017.03.29-21.03.43:980][619]LogInit: XAudio2 using 'Headset Earphone (Logitech G933 Gaming Headset)' : 2 channels at 44.1 kHz using 16 bits per sample (channel mask 0x3)
[2017.03.29-21.03.44:001][619]LogInit: FAudioDevice initialized.
[2017.03.29-21.03.46:643][619]LogLoad: Game class is 'FirstPersonGameMode_C'
[2017.03.29-21.03.46:666][619]LogWorld: Bringing World /Game/UEDPIE_0_OfficeScene.OfficeScene up for play (max tick rate 0) at 2017.03.29-14.03.46
[2017.03.29-21.03.46:704][619]LogWorld: Bringing up level for play took: 0.044800
[2017.03.29-21.03.46:924][619]LogContentBrowser: Native class hierarchy updated for 'MovieSceneCapture' in 0.0007 seconds. Added 11 classes and 0 folders.
[2017.03.29-21.03.46:994][619]PIE: Info Play in editor start time for /Game/UEDPIE_0_OfficeScene 3.531
[2017.03.29-21.05.00:880][280]LogEditorViewport: Clicking on Actor (LMB): StaticMeshActor (SM_TableRound)
[2017.03.29-21.05.05:412][640]LogEditorViewport: Clicking on Actor (LMB): StaticMeshActor (SM_Chair)
[2017.03.29-21.05.08:716][929]LogEditorViewport: Clicking on Actor (LMB): StaticMeshActor (SM_Statue)
[2017.03.29-21.05.11:673][155]LogEditorViewport: Clicking on Actor (LMB): StaticMeshActor (SM_Chair2)
[2017.03.29-21.05.14:128][359]LogEditorViewport: Clicking on Actor (LMB): StaticMeshActor (SM_Couch)
[2017.03.29-21.05.28:839][646]LogSlate: Took 0.000285 seconds to synchronously load lazily loaded font '../../../Engine/Content/Slate/Fonts/Roboto-Light.ttf' (159K)
[2017.03.29-21.05.29:407][646]LogSlate: Took 0.000269 seconds to synchronously load lazily loaded font '../../../Engine/Content/Slate/Fonts/Roboto-Regular.ttf' (155K)
[2017.03.29-21.05.30:268][647]LogRenderer: Reallocating scene render targets to support 1336x916 NumSamples 1 (Frame:14616).
[2017.03.29-21.05.54:786][133]Cmd: OBJ SAVEPACKAGE PACKAGE="/Game/StarterContent/Props/SM_Couch" FILE="../../../../../../Users/Liam/Documents/Unreal Projects/LevelDesign/Content/StarterContent/Props/SM_Couch.uasset" SILENT=true
[2017.03.29-21.05.55:160][133]LogSavePackage: Save=37.96ms
[2017.03.29-21.05.55:160][133]LogSavePackage: Moving '../../../../../../Users/Liam/Documents/Unreal Projects/LevelDesign/Saved/SM_Couch061D5EDF44E5A0582B40C1916028117D.tmp' to '../../../../../../Users/Liam/Documents/Unreal Projects/LevelDesign/Content/StarterContent/Props/SM_Couch.uasset'
[2017.03.29-21.05.55:188][133]LogSavePackage:Display: Finished SavePackage ../../../../../../Users/Liam/Documents/Unreal Projects/LevelDesign/Content/StarterContent/Props/SM_Couch.uasset
[2017.03.29-21.06.01:552][623]LogTemp: Repeting last play command: Selected Viewport
[2017.03.29-21.06.01:572][623]LogPlayLevel: PlayLevel: No blueprints needed recompiling
[2017.03.29-21.06.01:572][623]PIE: New page: PIE session: OfficeScene (Mar 29, 2017, 7:06:01 AM)
[2017.03.29-21.06.01:572][623]LogPlayLevel: Creating play world package: /Game/UEDPIE_0_OfficeScene
[2017.03.29-21.06.01:597][623]LogPlayLevel: PIE: StaticDuplicateObject took: (0.024960s)
[2017.03.29-21.06.01:598][623]LogAIModule: Creating AISystem for world OfficeScene
[2017.03.29-21.06.01:598][623]LogPlayLevel: PIE: World Init took: (0.001081s)
[2017.03.29-21.06.01:598][623]LogPlayLevel: PIE: Created PIE world by copying editor world from /Game/OfficeScene.OfficeScene to /Game/UEDPIE_0_OfficeScene.OfficeScene (0.026386s)
[2017.03.29-21.06.01:654][623]LogInit: XAudio2 using 'Headset Earphone (Logitech G933 Gaming Headset)' : 2 channels at 44.1 kHz using 16 bits per sample (channel mask 0x3)
[2017.03.29-21.06.01:676][623]LogInit: FAudioDevice initialized.
[2017.03.29-21.06.01:707][623]LogLoad: Game class is 'FirstPersonGameMode_C'
[2017.03.29-21.06.01:715][623]LogWorld: Bringing World /Game/UEDPIE_0_OfficeScene.OfficeScene up for play (max tick rate 0) at 2017.03.29-14.06.01
[2017.03.29-21.06.01:715][623]LogWorld: Bringing up level for play took: 0.006890
[2017.03.29-21.06.01:718][623]PIE: Info Play in editor start time for /Game/UEDPIE_0_OfficeScene 0.255
[2017.03.29-21.06.26:565][455]LogSpawn:Warning: SpawnActor failed because of collision at the spawn location [X=861.678 Y=643.502 Z=362.966] for [FirstPersonProjectile_C]
[2017.03.29-21.06.50:807][221]LogTemp: Repeting last play command: Selected Viewport
[2017.03.29-21.06.50:827][221]LogPlayLevel: PlayLevel: No blueprints needed recompiling
[2017.03.29-21.06.50:827][221]PIE: New page: PIE session: OfficeScene (Mar 29, 2017, 7:06:50 AM)
[2017.03.29-21.06.50:827][221]LogPlayLevel: Creating play world package: /Game/UEDPIE_0_OfficeScene
[2017.03.29-21.06.50:854][221]LogPlayLevel: PIE: StaticDuplicateObject took: (0.026000s)
[2017.03.29-21.06.50:855][221]LogAIModule: Creating AISystem for world OfficeScene
[2017.03.29-21.06.50:855][221]LogPlayLevel: PIE: World Init took: (0.001246s)
[2017.03.29-21.06.50:855][221]LogPlayLevel: PIE: Created PIE world by copying editor world from /Game/OfficeScene.OfficeScene to /Game/UEDPIE_0_OfficeScene.OfficeScene (0.027655s)
[2017.03.29-21.06.50:899][221]LogInit: XAudio2 using 'Headset Earphone (Logitech G933 Gaming Headset)' : 2 channels at 44.1 kHz using 16 bits per sample (channel mask 0x3)
[2017.03.29-21.06.50:920][221]LogInit: FAudioDevice initialized.
[2017.03.29-21.06.50:952][221]LogLoad: Game class is 'FirstPersonGameMode_C'
[2017.03.29-21.06.50:959][221]LogWorld: Bringing World /Game/UEDPIE_0_OfficeScene.OfficeScene up for play (max tick rate 0) at 2017.03.29-14.06.50
[2017.03.29-21.06.50:960][221]LogWorld: Bringing up level for play took: 0.006386
[2017.03.29-21.06.50:962][221]PIE: Info Play in editor start time for /Game/UEDPIE_0_OfficeScene -0.501
[2017.03.29-21.16.09:638][260]LogSlate: Took 0.000321 seconds to synchronously load lazily loaded font '../../../Engine/Content/Slate/Fonts/Roboto-Light.ttf' (159K)
[2017.03.29-21.16.18:952][161]LogSavePackage: Save=218.64ms
[2017.03.29-21.16.18:952][161]LogSavePackage: Moving '../../../../../../Users/Liam/Documents/Unreal Projects/LevelDesign/Saved/OfficeScene_Auto150DB9DA347D88875DF2CC4BC48E3EA61.tmp' to '../../../../../../Users/Liam/Documents/Unreal Projects/LevelDesign/Saved/Autosaves/Game/OfficeScene_Auto1.umap'
[2017.03.29-21.16.18:954][161]LogSavePackage:Display: Finished SavePackage ../../../../../../Users/Liam/Documents/Unreal Projects/LevelDesign/Saved/Autosaves/Game/OfficeScene_Auto1.umap
[2017.03.29-21.16.18:956][161]LogFileHelpers: Editor autosave (incl. sublevels) for '/Game/OfficeScene' took 0.281
[2017.03.29-21.16.18:957][161]LogFileHelpers: Editor autosave (incl. sublevels) for all levels took 0.281
[2017.03.29-21.19.50:796][507]LogActorFactory: Actor Factory created SM_Stairs
[2017.03.29-21.19.51:588][575]LogActorFactory: Actor Factory created SM_Stairs
[2017.03.29-21.20.07:789][ 98]LogSlate: Took 0.016132 seconds to synchronously load lazily loaded font '../../../Engine/Content/Editor/Slate/Fonts/Roboto-Italic.ttf' (157K)
[2017.03.29-21.20.12:847][493]LogEditorViewport: Clicking on Actor (LMB): StaticMeshActor (SM_Stairs)
[2017.03.29-21.20.26:717][699]Cmd: DELETE
[2017.03.29-21.20.26:717][699]Cmd: ACTOR DELETE
[2017.03.29-21.20.26:718][699]LogEditorActor: Deleted Actor: StaticMeshActor
[2017.03.29-21.20.26:735][699]LogEditorActor: Deleted 1 Actors (0.018 secs)
[2017.03.29-21.20.29:406][  5]Cmd: SELECT NONE
[2017.03.29-21.20.36:235][535]Cmd: QUIT_EDITOR
[2017.03.29-21.20.36:893][535]LogWindowsTextInputMethodSystem:Display: IME system now deactivated.
[2017.03.29-21.20.36:929][535]LogExit: Preparing to exit.
[2017.03.29-21.20.37:436][535]LogDirectoryWatcher: A directory notification for 'C:/Users/Liam/Documents/Unreal Projects/LevelDesign/Content/' was aborted.
[2017.03.29-21.20.37:481][535]LogExit: Editor shut down
[2017.03.29-21.20.37:481][535]LogExit: Transaction tracking system shut down
[2017.03.29-21.20.37:567][535]LogObj: Freed 0b from 0 cluster array pools.
[2017.03.29-21.20.37:567][535]LogExit: Object subsystem successfully closed.
[2017.03.29-21.20.37:577][535]LogD3D11RHI: Shutdown
[2017.03.29-21.20.37:577][535]LogD3D11RHI: CleanupD3DDevice
[2017.03.29-21.20.37:727][535]LogD3D11RHI: ~FD3D11DynamicRHI
[2017.03.29-21.20.37:748][535]LogModuleManager: Shutting down and abandoning module StaticMeshEditor (502)
[2017.03.29-21.20.37:748][535]LogModuleManager: Shutting down and abandoning module MovieSceneCapture (500)
[2017.03.29-21.20.37:748][535]LogModuleManager: Shutting down and abandoning module HierarchicalLODOutliner (498)
[2017.03.29-21.20.37:748][535]LogModuleManager: Shutting down and abandoning module CrashTracker (496)
[2017.03.29-21.20.37:748][535]LogModuleManager: Shutting down and abandoning module SceneOutliner (494)
[2017.03.29-21.20.37:748][535]LogModuleManager: Shutting down and abandoning module AddContentDialog (492)
[2017.03.29-21.20.37:748][535]LogDirectoryWatcher: A directory notification for 'C:/Program Files/Epic Games/UE_4.15/FeaturePacks/' was aborted.
[2017.03.29-21.20.37:750][535]LogModuleManager: Shutting down and abandoning module WidgetCarousel (491)
[2017.03.29-21.20.37:750][535]LogModuleManager: Shutting down and abandoning module EditorWidgets (488)
[2017.03.29-21.20.37:750][535]LogModuleManager: Shutting down and abandoning module CollectionManager (486)
[2017.03.29-21.20.37:750][535]LogDirectoryWatcher: A directory notification for 'C:/Users/Liam/Documents/Unreal Projects/LevelDesign/Content/Collections/' was aborted.
[2017.03.29-21.20.37:750][535]LogDirectoryWatcher: A directory notification for 'C:/Users/Liam/Documents/Unreal Projects/LevelDesign/Content/Developers/Liam/Collections/' was aborted.
[2017.03.29-21.20.37:750][535]LogDirectoryWatcher: A directory notification for 'C:/Users/Liam/Documents/Unreal Projects/LevelDesign/Saved/Collections/' was aborted.
[2017.03.29-21.20.37:750][535]LogModuleManager: Shutting down and abandoning module StatsViewer (484)
[2017.03.29-21.20.37:750][535]LogModuleManager: Shutting down and abandoning module FoliageEdit (482)
[2017.03.29-21.20.37:751][535]LogModuleManager: Shutting down and abandoning module LandscapeEditor (480)
[2017.03.29-21.20.37:751][535]LogModuleManager: Shutting down and abandoning module SceneDepthPickerMode (478)
[2017.03.29-21.20.37:751][535]LogModuleManager: Shutting down and abandoning module ActorPickerMode (476)
[2017.03.29-21.20.37:751][535]LogModuleManager: Shutting down and abandoning module GeometryMode (474)
[2017.03.29-21.20.37:751][535]LogModuleManager: Shutting down and abandoning module TextureAlignMode (472)
[2017.03.29-21.20.37:751][535]LogModuleManager: Shutting down and abandoning module BspMode (470)
[2017.03.29-21.20.37:751][535]LogModuleManager: Shutting down and abandoning module HardwareSurvey (468)
[2017.03.29-21.20.37:751][535]LogModuleManager: Shutting down and abandoning module SequenceRecorderSections (466)
[2017.03.29-21.20.37:751][535]LogModuleManager: Shutting down and abandoning module AutomationWorker (464)
[2017.03.29-21.20.37:751][535]LogModuleManager: Shutting down and abandoning module MatineeToLevelSequence (462)
[2017.03.29-21.20.37:751][535]LogModuleManager: Shutting down and abandoning module LevelSequenceEditor (460)
[2017.03.29-21.20.37:751][535]LogModuleManager: Shutting down and abandoning module PlacementMode (459)
[2017.03.29-21.20.37:751][535]LogModuleManager: Shutting down and abandoning module WmfMediaFactory (456)
[2017.03.29-21.20.37:751][535]LogModuleManager: Shutting down and abandoning module WmfMediaEditor (454)
[2017.03.29-21.20.37:751][535]LogModuleManager: Shutting down and abandoning module MfMediaFactory (452)
[2017.03.29-21.20.37:751][535]LogModuleManager: Shutting down and abandoning module MfMediaEditor (450)
[2017.03.29-21.20.37:751][535]LogModuleManager: Shutting down and abandoning module AvfMediaFactory (448)
[2017.03.29-21.20.37:751][535]LogModuleManager: Shutting down and abandoning module AvfMediaEditor (446)
[2017.03.29-21.20.37:751][535]LogModuleManager: Shutting down and abandoning module AndroidMediaFactory (444)
[2017.03.29-21.20.37:751][535]LogModuleManager: Shutting down and abandoning module Media (443)
[2017.03.29-21.20.37:751][535]LogModuleManager: Shutting down and abandoning module AndroidMediaEditor (440)
[2017.03.29-21.20.37:751][535]LogModuleManager: Shutting down and abandoning module CharacterAI (438)
[2017.03.29-21.20.37:751][535]LogModuleManager: Shutting down and abandoning module AudioCapture (436)
[2017.03.29-21.20.37:751][535]LogModuleManager: Shutting down and abandoning module SequenceRecorder (435)
[2017.03.29-21.20.37:751][535]LogModuleManager: Shutting down and abandoning module SmartSnapping (432)
[2017.03.29-21.20.37:751][535]LogModuleManager: Shutting down and abandoning module SessionServices (430)
[2017.03.29-21.20.37:751][535]LogModuleManager: Shutting down and abandoning module ViewportSnapping (428)
[2017.03.29-21.20.37:751][535]LogModuleManager: Shutting down and abandoning module ViewportInteraction (426)
[2017.03.29-21.20.37:751][535]LogModuleManager: Shutting down and abandoning module LogVisualizer (424)
[2017.03.29-21.20.37:751][535]LogModuleManager: Shutting down and abandoning module IntroTutorials (422)
[2017.03.29-21.20.37:751][535]LogModuleManager: Shutting down and abandoning module GameProjectGeneration (421)
[2017.03.29-21.20.37:751][535]LogModuleManager: Shutting down and abandoning module EditorLiveStreaming (418)
[2017.03.29-21.20.37:751][535]LogModuleManager: Shutting down and abandoning module IOSPlatformEditor (416)
[2017.03.29-21.20.37:751][535]LogModuleManager: Shutting down and abandoning module HTML5PlatformEditor (414)
[2017.03.29-21.20.37:751][535]LogModuleManager: Shutting down and abandoning module AndroidPlatformEditor (412)
[2017.03.29-21.20.37:751][535]LogModuleManager: Shutting down and abandoning module AndroidDeviceDetection (411)
[2017.03.29-21.20.38:308][535]LogModuleManager: Shutting down and abandoning module IOSRuntimeSettings (408)
[2017.03.29-21.20.38:308][535]LogModuleManager: Shutting down and abandoning module AndroidRuntimeSettings (406)
[2017.03.29-21.20.38:308][535]LogModuleManager: Shutting down and abandoning module InputBindingEditor (404)
[2017.03.29-21.20.38:308][535]LogModuleManager: Shutting down and abandoning module NiagaraEditor (402)
[2017.03.29-21.20.38:308][535]LogModuleManager: Shutting down and abandoning module MergeActors (400)
[2017.03.29-21.20.38:308][535]LogModuleManager: Shutting down and abandoning module SizeMap (398)
[2017.03.29-21.20.38:308][535]LogModuleManager: Shutting down and abandoning module TreeMap (396)
[2017.03.29-21.20.38:308][535]LogModuleManager: Shutting down and abandoning module ReferenceViewer (394)
[2017.03.29-21.20.38:308][535]LogModuleManager: Shutting down and abandoning module LocalizationDashboard (392)
[2017.03.29-21.20.38:308][535]LogModuleManager: Shutting down and abandoning module LocalizationService (391)
[2017.03.29-21.20.38:308][535]LogModuleManager: Shutting down and abandoning module HardwareTargeting (388)
[2017.03.29-21.20.38:308][535]LogModuleManager: Shutting down and abandoning module DeviceProfileEditor (386)
[2017.03.29-21.20.38:308][535]LogModuleManager: Shutting down and abandoning module UndoHistory (384)
[2017.03.29-21.20.38:308][535]LogModuleManager: Shutting down and abandoning module UserFeedback (382)
[2017.03.29-21.20.38:308][535]LogModuleManager: Shutting down and abandoning module XmlParser (380)
[2017.03.29-21.20.38:308][535]LogModuleManager: Shutting down and abandoning module Blutility (378)
[2017.03.29-21.20.38:308][535]LogModuleManager: Shutting down and abandoning module ProjectSettingsViewer (376)
[2017.03.29-21.20.38:308][535]LogModuleManager: Shutting down and abandoning module ProjectTargetPlatformEditor (375)
[2017.03.29-21.20.38:308][535]LogModuleManager: Shutting down and abandoning module EditorSettingsViewer (372)
[2017.03.29-21.20.38:308][535]LogModuleManager: Shutting down and abandoning module SettingsEditor (370)
[2017.03.29-21.20.38:309][535]LogModuleManager: Shutting down and abandoning module ProjectLauncher (368)
[2017.03.29-21.20.38:309][535]LogModuleManager: Shutting down and abandoning module SessionFrontend (366)
[2017.03.29-21.20.38:309][535]LogModuleManager: Shutting down and abandoning module ProfilerClient (364)
[2017.03.29-21.20.38:309][535]LogModuleManager: Shutting down and abandoning module DeviceManager (362)
[2017.03.29-21.20.38:309][535]LogModuleManager: Shutting down and abandoning module TargetDeviceServices (361)
[2017.03.29-21.20.38:351][535]LogModuleManager: Shutting down and abandoning module AutomationController (358)
[2017.03.29-21.20.38:351][535]LogModuleManager: Shutting down and abandoning module AutomationWindow (356)
[2017.03.29-21.20.38:351][535]LogModuleManager: Shutting down and abandoning module Layers (354)
[2017.03.29-21.20.38:351][535]LogModuleManager: Shutting down and abandoning module ComponentVisualizers (352)
[2017.03.29-21.20.38:351][535]LogModuleManager: Shutting down and abandoning module DetailCustomizations (350)
[2017.03.29-21.20.38:351][535]LogModuleManager: Shutting down and abandoning module PackagesDialog (348)
[2017.03.29-21.20.38:352][535]LogModuleManager: Shutting down and abandoning module Persona (346)
[2017.03.29-21.20.38:352][535]LogModuleManager: Shutting down and abandoning module AnimGraph (345)
[2017.03.29-21.20.38:352][535]LogModuleManager: Shutting down and abandoning module Kismet (342)
[2017.03.29-21.20.38:352][535]LogModuleManager: Shutting down and abandoning module GraphEditor (340)
[2017.03.29-21.20.38:352][535]LogModuleManager: Shutting down and abandoning module ClassViewer (338)
[2017.03.29-21.20.38:352][535]LogModuleManager: Shutting down and abandoning module Toolbox (336)
[2017.03.29-21.20.38:352][535]LogModuleManager: Shutting down and abandoning module ModuleUI (334)
[2017.03.29-21.20.38:352][535]LogModuleManager: Shutting down and abandoning module MovieSceneTools (332)
[2017.03.29-21.20.38:353][535]LogModuleManager: Shutting down and abandoning module OutputLog (330)
[2017.03.29-21.20.38:353][535]LogModuleManager: Shutting down and abandoning module GammaUI (328)
[2017.03.29-21.20.38:353][535]LogModuleManager: Shutting down and abandoning module Documentation (326)
[2017.03.29-21.20.38:353][535]LogModuleManager: Shutting down and abandoning module Niagara (324)
[2017.03.29-21.20.38:353][535]LogModuleManager: Shutting down and abandoning module StreamingPauseRendering (322)
[2017.03.29-21.20.38:353][535]LogModuleManager: Shutting down and abandoning module AnalyticsET (320)
[2017.03.29-21.20.38:353][535]LogModuleManager: Shutting down and abandoning module PortalServices (318)
[2017.03.29-21.20.38:353][535]LogModuleManager: Shutting down and abandoning module PortalRpc (316)
[2017.03.29-21.20.38:353][535]LogModuleManager: Shutting down and abandoning module MessagingRpc (314)
[2017.03.29-21.20.38:353][535]LogModuleManager: Shutting down and abandoning module AIModule (312)
[2017.03.29-21.20.38:353][535]LogModuleManager: Shutting down and abandoning module GameplayDebugger (311)
[2017.03.29-21.20.38:353][535]LogModuleManager: Shutting down and abandoning module AITestSuite (309)
[2017.03.29-21.20.38:353][535]LogModuleManager: Shutting down and abandoning module ProfilerService (306)
[2017.03.29-21.20.38:398][535]LogModuleManager: Shutting down and abandoning module TaskGraph (304)
[2017.03.29-21.20.38:398][535]LogModuleManager: Shutting down and abandoning module SteamVRController (302)
[2017.03.29-21.20.38:398][535]LogModuleManager: Shutting down and abandoning module SteamVR (300)
[2017.03.29-21.20.38:398][535]LogModuleManager: Shutting down and abandoning module ProceduralMeshComponentEditor (298)
[2017.03.29-21.20.38:398][535]LogModuleManager: Shutting down and abandoning module ProceduralMeshComponent (296)
[2017.03.29-21.20.38:398][535]LogModuleManager: Shutting down and abandoning module OculusLibrary (294)
[2017.03.29-21.20.38:399][535]LogModuleManager: Shutting down and abandoning module OculusInput (292)
[2017.03.29-21.20.38:399][535]LogModuleManager: Shutting down and abandoning module MobilePatchingUtils (290)
[2017.03.29-21.20.38:399][535]LogModuleManager: Shutting down and abandoning module CustomMeshComponent (288)
[2017.03.29-21.20.38:399][535]LogModuleManager: Shutting down and abandoning module CableComponent (286)
[2017.03.29-21.20.38:399][535]LogModuleManager: Shutting down and abandoning module ArchVisCharacter (284)
[2017.03.29-21.20.38:399][535]LogModuleManager: Shutting down and abandoning module MediaPlayerEditor (280)
[2017.03.29-21.20.38:399][535]LogModuleManager: Shutting down and abandoning module HTML5Networking (278)
[2017.03.29-21.20.38:399][535]LogModuleManager: Shutting down and abandoning module AlembicImporter (276)
[2017.03.29-21.20.38:399][535]LogModuleManager: Shutting down and abandoning module AlembicLibrary (275)
[2017.03.29-21.20.38:399][535]LogModuleManager: Shutting down and abandoning module GeometryCache (274)
[2017.03.29-21.20.38:399][535]LogModuleManager: Shutting down and abandoning module GeometryCacheEd (273)
[2017.03.29-21.20.38:399][535]LogModuleManager: Shutting down and abandoning module SuperSearchEditor (268)
[2017.03.29-21.20.38:399][535]LogModuleManager: Shutting down and abandoning module SuperSearch (267)
[2017.03.29-21.20.38:399][535]LogModuleManager: Shutting down and abandoning module SpeedTreeImporter (264)
[2017.03.29-21.20.38:399][535]LogModuleManager: Shutting down and abandoning module PluginBrowser (262)
[2017.03.29-21.20.38:399][535]LogModuleManager: Shutting down and abandoning module MobileLauncherProfileWizard (260)
[2017.03.29-21.20.38:399][535]LogModuleManager: Shutting down and abandoning module EpicSurvey (258)
[2017.03.29-21.20.38:399][535]LogModuleManager: Shutting down and abandoning module VisualStudioSourceCodeAccess (256)
[2017.03.29-21.20.38:399][535]LogModuleManager: Shutting down and abandoning module DesktopPlatform (255)
[2017.03.29-21.20.38:399][535]LogModuleManager: Shutting down and abandoning module UObjectPlugin (252)
[2017.03.29-21.20.38:399][535]LogModuleManager: Shutting down and abandoning module SubversionSourceControl (250)
[2017.03.29-21.20.38:399][535]LogModuleManager: Shutting down and abandoning module PerforceSourceControl (248)
[2017.03.29-21.20.38:399][535]LogModuleManager: Shutting down and abandoning module GitSourceControl (246)
[2017.03.29-21.20.38:399][535]LogModuleManager: Shutting down and abandoning module SourceControl (245)
[2017.03.29-21.20.38:399][535]LogModuleManager: Shutting down and abandoning module LightPropagationVolumeEditor (242)
[2017.03.29-21.20.38:399][535]LogModuleManager: Shutting down and abandoning module PaperTiledImporter (240)
[2017.03.29-21.20.38:399][535]LogModuleManager: Shutting down and abandoning module PaperSpriteSheetImporter (238)
[2017.03.29-21.20.38:399][535]LogModuleManager: Shutting down and abandoning module Paper2DEditor (236)
[2017.03.29-21.20.38:399][535]LogModuleManager: Shutting down and abandoning module MeshPaint (235)
[2017.03.29-21.20.38:399][535]LogModuleManager: Shutting down and abandoning module LevelEditor (233)
[2017.03.29-21.20.38:400][535]LogModuleManager: Shutting down and abandoning module PixelInspectorModule (232)
[2017.03.29-21.20.38:400][535]LogModuleManager: Shutting down and abandoning module MainFrame (230)
[2017.03.29-21.20.38:400][535]LogModuleManager: Shutting down and abandoning module HotReload (229)
[2017.03.29-21.20.38:401][535]LogModuleManager: Shutting down and abandoning module ContentBrowser (225)
[2017.03.29-21.20.38:402][535]LogModuleManager: Shutting down and abandoning module PhysXVehiclesEditor (222)
[2017.03.29-21.20.38:402][535]LogModuleManager: Shutting down and abandoning module PhysXVehicles (220)
[2017.03.29-21.20.38:402][535]LogModuleManager: Shutting down and abandoning module LocationServicesBPLibrary (218)
[2017.03.29-21.20.38:402][535]LogModuleManager: Shutting down and abandoning module UdpMessaging (216)
[2017.03.29-21.20.38:502][535]LogModuleManager: Shutting down and abandoning module TcpMessaging (214)
[2017.03.29-21.20.38:603][535]LogModuleManager: Shutting down and abandoning module GameplayTagsEditor (212)
[2017.03.29-21.20.38:603][535]LogModuleManager: Shutting down and abandoning module FacialAnimationEditor (210)
[2017.03.29-21.20.38:603][535]LogModuleManager: Shutting down and abandoning module FacialAnimation (208)
[2017.03.29-21.20.38:603][535]LogModuleManager: Shutting down and abandoning module LightPropagationVolumeRuntime (206)
[2017.03.29-21.20.38:603][535]LogModuleManager: Shutting down and abandoning module Paper2D (204)
[2017.03.29-21.20.38:603][535]LogModuleManager: Shutting down and abandoning module WindowsMoviePlayer (202)
[2017.03.29-21.20.38:603][535]LogModuleManager: Shutting down and abandoning module WmfMedia (200)
[2017.03.29-21.20.38:603][535]LogModuleManager: Shutting down and abandoning module MfMedia (198)
[2017.03.29-21.20.38:603][535]LogModuleManager: Shutting down and abandoning module MediaAssets (196)
[2017.03.29-21.20.38:603][535]LogModuleManager: Shutting down and abandoning module GameLiveStreaming (194)
[2017.03.29-21.20.38:603][535]LogModuleManager: Shutting down and abandoning module VREditor (192)
[2017.03.29-21.20.38:603][535]LogModuleManager: Shutting down and abandoning module GameplayTasksEditor (190)
[2017.03.29-21.20.38:603][535]LogModuleManager: Shutting down and abandoning module BehaviorTreeEditor (188)
[2017.03.29-21.20.38:603][535]LogModuleManager: Shutting down and abandoning module FunctionalTesting (186)
[2017.03.29-21.20.38:603][535]LogModuleManager: Shutting down and abandoning module CollisionAnalyzer (184)
[2017.03.29-21.20.38:603][535]LogModuleManager: Shutting down and abandoning module UMG (182)
[2017.03.29-21.20.38:603][535]LogModuleManager: Shutting down and abandoning module UMGEditor (181)
[2017.03.29-21.20.38:603][535]LogModuleManager: Shutting down and abandoning module Sequencer (180)
[2017.03.29-21.20.38:603][535]LogModuleManager: Shutting down and abandoning module AssetTools (178)
[2017.03.29-21.20.38:603][535]LogModuleManager: Shutting down and abandoning module MessageLog (177)
[2017.03.29-21.20.38:603][535]LogModuleManager: Shutting down and abandoning module WorkspaceMenuStructure (176)
[2017.03.29-21.20.38:603][535]LogModuleManager: Shutting down and abandoning module SlateReflector (170)
[2017.03.29-21.20.38:603][535]LogModuleManager: Shutting down and abandoning module Slate (168)
[2017.03.29-21.20.38:603][535]LogModuleManager: Shutting down and abandoning module EditorStyle (166)
[2017.03.29-21.20.38:606][535]LogModuleManager: Shutting down and abandoning module SourceCodeAccess (164)
[2017.03.29-21.20.38:606][535]LogModuleManager: Shutting down and abandoning module HeadMountedDisplay (162)
[2017.03.29-21.20.38:606][535]LogModuleManager: Shutting down and abandoning module XAudio2 (160)
[2017.03.29-21.20.38:606][535]LogModuleManager: Shutting down and abandoning module Networking (158)
[2017.03.29-21.20.38:606][535]LogModuleManager: Shutting down and abandoning module Core (154)
[2017.03.29-21.20.38:606][535]LogModuleManager: Shutting down and abandoning module AssetRegistry (152)
[2017.03.29-21.20.38:765][535]LogDirectoryWatcher: A directory notification for '../../../Engine/Content/' was aborted.
[2017.03.29-21.20.38:765][535]LogDirectoryWatcher: A directory notification for '../../../../../../Users/Liam/Documents/Unreal Projects/LevelDesign/Content/' was aborted.
[2017.03.29-21.20.38:765][535]LogDirectoryWatcher: A directory notification for '../../../Engine/Plugins/2D/Paper2D/Content/' was aborted.
[2017.03.29-21.20.38:766][535]LogModuleManager: Shutting down and abandoning module DirectoryWatcher (151)
[2017.03.29-21.20.38:767][535]LogModuleManager: Shutting down and abandoning module KismetCompiler (148)
[2017.03.29-21.20.38:767][535]LogModuleManager: Shutting down and abandoning module PhysXFormats (146)
[2017.03.29-21.20.38:767][535]LogModuleManager: Shutting down and abandoning module MeshUtilities (144)
[2017.03.29-21.20.38:768][535]LogModuleManager: Shutting down and abandoning module SimplygonSwarm (143)
[2017.03.29-21.20.38:768][535]LogModuleManager: Shutting down and abandoning module SimplygonMeshReduction (141)
[2017.03.29-21.20.38:768][535]LogModuleManager: Shutting down and abandoning module QuadricMeshReduction (139)
[2017.03.29-21.20.38:768][535]LogModuleManager: Shutting down and abandoning module PropertyEditor (137)
[2017.03.29-21.20.38:768][535]LogModuleManager: Shutting down and abandoning module DerivedDataCache (134)
[2017.03.29-21.20.38:809][535]LogDerivedDataCache: Shutdown
[2017.03.29-21.20.38:809][535]LogModuleManager: Shutting down and abandoning module TargetPlatform (132)
[2017.03.29-21.20.38:809][535]LogModuleManager: Shutting down and abandoning module VulkanShaderFormat (131)
[2017.03.29-21.20.38:809][535]LogModuleManager: Shutting down and abandoning module ShaderFormatOpenGL (129)
[2017.03.29-21.20.38:809][535]LogModuleManager: Shutting down and abandoning module ShaderFormatD3D (127)
[2017.03.29-21.20.38:809][535]LogModuleManager: Shutting down and abandoning module MetalShaderFormat (125)
[2017.03.29-21.20.38:809][535]LogModuleManager: Shutting down and abandoning module TextureFormatUncompressed (123)
[2017.03.29-21.20.38:809][535]LogModuleManager: Shutting down and abandoning module TextureFormatPVR (121)
[2017.03.29-21.20.38:809][535]LogModuleManager: Shutting down and abandoning module TextureFormatDXT (119)
[2017.03.29-21.20.38:809][535]LogModuleManager: Shutting down and abandoning module TextureFormatIntelISPCTexComp (117)
[2017.03.29-21.20.38:810][535]LogModuleManager: Shutting down and abandoning module TextureFormatASTC (115)
[2017.03.29-21.20.38:810][535]LogModuleManager: Shutting down and abandoning module ImageWrapper (114)
[2017.03.29-21.20.38:810][535]LogModuleManager: Shutting down and abandoning module TextureFormatAndroid (111)
[2017.03.29-21.20.38:810][535]LogModuleManager: Shutting down and abandoning module AudioFormatOpus (109)
[2017.03.29-21.20.38:810][535]LogModuleManager: Shutting down and abandoning module AudioFormatOgg (107)
[2017.03.29-21.20.38:810][535]LogModuleManager: Shutting down and abandoning module AudioFormatADPCM (105)
[2017.03.29-21.20.38:810][535]LogModuleManager: Shutting down and abandoning module LinuxTargetPlatform (103)
[2017.03.29-21.20.38:810][535]LogModuleManager: Shutting down and abandoning module LinuxServerTargetPlatform (101)
[2017.03.29-21.20.38:810][535]LogModuleManager: Shutting down and abandoning module LinuxNoEditorTargetPlatform (99)
[2017.03.29-21.20.38:810][535]LogModuleManager: Shutting down and abandoning module LinuxClientTargetPlatform (97)
[2017.03.29-21.20.38:810][535]LogModuleManager: Shutting down and abandoning module TVOSTargetPlatform (95)
[2017.03.29-21.20.38:810][535]LogModuleManager: Shutting down and abandoning module Messaging (93)
[2017.03.29-21.20.38:810][535]LogModuleManager: Shutting down and abandoning module IOSTargetPlatform (91)
[2017.03.29-21.20.38:810][535]LogModuleManager: Shutting down and abandoning module HTML5TargetPlatform (89)
[2017.03.29-21.20.38:810][535]LogModuleManager: Shutting down and abandoning module Android_PVRTCTargetPlatform (87)
[2017.03.29-21.20.38:810][535]LogModuleManager: Shutting down and abandoning module Android_MultiTargetPlatform (85)
[2017.03.29-21.20.38:810][535]LogModuleManager: Shutting down and abandoning module Android_ETC2TargetPlatform (83)
[2017.03.29-21.20.38:810][535]LogModuleManager: Shutting down and abandoning module Android_ETC1TargetPlatform (81)
[2017.03.29-21.20.38:810][535]LogModuleManager: Shutting down and abandoning module Android_DXTTargetPlatform (79)
[2017.03.29-21.20.38:810][535]LogModuleManager: Shutting down and abandoning module Android_ATCTargetPlatform (77)
[2017.03.29-21.20.38:810][535]LogModuleManager: Shutting down and abandoning module Android_ASTCTargetPlatform (75)
[2017.03.29-21.20.38:810][535]LogModuleManager: Shutting down and abandoning module AndroidTargetPlatform (73)
[2017.03.29-21.20.38:810][535]LogModuleManager: Shutting down and abandoning module WindowsTargetPlatform (71)
[2017.03.29-21.20.38:810][535]LogModuleManager: Shutting down and abandoning module WindowsServerTargetPlatform (69)
[2017.03.29-21.20.38:810][535]LogModuleManager: Shutting down and abandoning module WindowsNoEditorTargetPlatform (67)
[2017.03.29-21.20.38:810][535]LogModuleManager: Shutting down and abandoning module WindowsClientTargetPlatform (65)
[2017.03.29-21.20.38:810][535]LogModuleManager: Shutting down and abandoning module MacTargetPlatform (63)
[2017.03.29-21.20.38:810][535]LogModuleManager: Shutting down and abandoning module MacServerTargetPlatform (61)
[2017.03.29-21.20.38:810][535]LogModuleManager: Shutting down and abandoning module MacNoEditorTargetPlatform (59)
[2017.03.29-21.20.38:810][535]LogModuleManager: Shutting down and abandoning module MacClientTargetPlatform (57)
[2017.03.29-21.20.38:810][535]LogModuleManager: Shutting down and abandoning module AllDesktopTargetPlatform (55)
[2017.03.29-21.20.38:810][535]LogModuleManager: Shutting down and abandoning module InputCore (52)
[2017.03.29-21.20.38:810][535]LogModuleManager: Shutting down and abandoning module Settings (50)
[2017.03.29-21.20.38:810][535]LogModuleManager: Shutting down and abandoning module OculusRift (48)
[2017.03.29-21.20.38:810][535]LogModuleManager: Shutting down and abandoning module GearVR (46)
[2017.03.29-21.20.38:810][535]LogModuleManager: Shutting down and abandoning module ExampleDeviceProfileSelector (44)
[2017.03.29-21.20.38:810][535]LogModuleManager: Shutting down and abandoning module OnlineBlueprintSupport (42)
[2017.03.29-21.20.38:810][535]LogModuleManager: Shutting down and abandoning module OnlineSubsystem (38)
[2017.03.29-21.20.38:810][535]LogOnline:Display: Unloading online subsystem: NULL
[2017.03.29-21.20.38:810][535]LogModuleManager: Shutting down and abandoning module XMPP (37)
[2017.03.29-21.20.38:810][535]LogModuleManager: Shutting down and abandoning module HTTP (35)
[2017.03.29-21.20.38:810][535]LogHttp:Display: Http module shutting down, but needs to wait on 1 outstanding Http requests:
[2017.03.29-21.20.38:810][535]LogHttp:Display: 	verb=[POST] url=[https://datarouter.ol.epicgames.com/datarouter/api/v1/public/data?SessionID=%7B7E59798C-4112-1719-5EDE-5B98BDFAD9E5%7D&AppID=UEEditor.Rocket.Release&AppVersion=4.15.1-3348071%2B%2B%2BUE4%2BRelease-4.15&UserID=3c53aeb14f8381cf589af9a05a045162%7C191bcd9e71e141a7a207a951597e632a%7C6892023d-28ec-4f87-8958-26e7706dbce6&AppEnvironment=datacollector-binary&UploadType=eteventstream] status=Processing
[2017.03.29-21.20.38:838][535]LogModuleManager: Shutting down and abandoning module SSL (34)
[2017.03.29-21.20.38:840][535]LogModuleManager: Shutting down and abandoning module AudioEditor (30)
[2017.03.29-21.20.38:840][535]LogModuleManager: Shutting down and abandoning module TextureCompressor (28)
[2017.03.29-21.20.38:840][535]LogModuleManager: Shutting down and abandoning module ShaderCore (26)
[2017.03.29-21.20.38:840][535]LogModuleManager: Shutting down and abandoning module Landscape (24)
[2017.03.29-21.20.38:840][535]LogModuleManager: Shutting down and abandoning module SlateRHIRenderer (22)
[2017.03.29-21.20.38:842][535]LogModuleManager: Shutting down and abandoning module OpenGLDrv (20)
[2017.03.29-21.20.38:842][535]LogModuleManager: Shutting down and abandoning module D3D11RHI (18)
[2017.03.29-21.20.38:842][535]LogModuleManager: Shutting down and abandoning module AnimGraphRuntime (16)
[2017.03.29-21.20.38:842][535]LogModuleManager: Shutting down and abandoning module Renderer (14)
[2017.03.29-21.20.38:842][535]LogModuleManager: Shutting down and abandoning module Engine (12)
[2017.03.29-21.20.38:842][535]LogModuleManager: Shutting down and abandoning module CoreUObject (10)
[2017.03.29-21.20.38:842][535]LogModuleManager: Shutting down and abandoning module NetworkFile (8)
[2017.03.29-21.20.38:842][535]LogModuleManager: Shutting down and abandoning module StreamingFile (6)
[2017.03.29-21.20.38:842][535]LogModuleManager: Shutting down and abandoning module SandboxFile (4)
[2017.03.29-21.20.38:842][535]LogModuleManager: Shutting down and abandoning module PakFile (2)
[2017.03.29-21.20.38:845][535]LogExit: Exiting.
[2017.03.29-21.20.38:846][535]Log file closed, 03/29/17 14:20:38
